Arguments: 
  C:\Program Files\nodejs\node.exe C:\Program Files (x86)\Yarn\bin\yarn.js add react-native-deck-swiper react-native-overflow react-native-reanimated @xpo/vector-icons

PATH: 
  C:\WINDOWS\system32;C:\WINDOWS;C:\WINDOWS\System32\Wbem;C:\WINDOWS\System32\WindowsPowerShell\v1.0\;C:\WINDOWS\System32\OpenSSH\;C:\Program Files\Git\cmd;C:\Program Files\PostgreSQL\10\bin;C:\Program Files\nodejs\;C:\Program Files (x86)\Yarn\bin\;C:\Users\user\scoop\apps\nodejs\current\bin;C:\Users\user\scoop\apps\nodejs\current;C:\Users\user\scoop\apps\yarn\current\Yarn\bin;C:\Users\user\scoop\apps\yarn\current\global\node_modules\.bin;C:\Users\user\scoop\shims;C:\Users\user\AppData\Local\Programs\Python\Python37-32\Scripts\;C:\Users\user\AppData\Local\Programs\Python\Python37-32\;C:\Users\user\AppData\Local\Microsoft\WindowsApps;C:\Users\user\AppData\Local\Programs\Microsoft VS Code\bin;C:\Users\user\AppData\Local\GitHubDesktop\bin;C:\Program Files\PostgresSQL\10\bin\;C:\Users\user\AppData\Roaming\npm;C:\Users\user\AppData\Local\Yarn\bin;C:\Users\user\Desktop\flutter\flutter;;%USERPROFILE%\AppData\Local\Microsoft\WindowsApps

Yarn version: 
  1.19.2

Node version: 
  10.16.3

Platform: 
  win32 x64

Trace: 
  Error: https://registry.yarnpkg.com/react-native-overflow: Not found
      at Request.params.callback [as _callback] (C:\Program Files (x86)\Yarn\lib\cli.js:66036:18)
      at Request.self.callback (C:\Program Files (x86)\Yarn\lib\cli.js:140586:22)
      at Request.emit (events.js:198:13)
      at Request.<anonymous> (C:\Program Files (x86)\Yarn\lib\cli.js:141558:10)
      at Request.emit (events.js:198:13)
      at IncomingMessage.<anonymous> (C:\Program Files (x86)\Yarn\lib\cli.js:141480:12)
      at Object.onceWrapper (events.js:286:20)
      at IncomingMessage.emit (events.js:203:15)
      at endReadableNT (_stream_readable.js:1145:12)
      at process._tickCallback (internal/process/next_tick.js:63:19)

npm manifest: 
  {
    "main": "node_modules/expo/AppEntry.js",
    "scripts": {
      "start": "expo start",
      "android": "expo start --android",
      "ios": "expo start --ios",
      "web": "expo start --web",
      "eject": "expo eject",
      "test": "jest --watchAll"
    },
    "jest": {
      "preset": "jest-expo"
    },
    "dependencies": {
      "@aws-amplify/ui-react": "^0.2.5",
      "@expo-google-fonts/inter": "^0.1.0",
      "@expo-google-fonts/raleway": "^0.1.0",
      "@expo-google-fonts/roboto": "^0.1.0",
      "@expo/vector-icons": "^10.0.0",
      "@react-native-community/masked-view": "0.1.6",
      "@react-native-community/netinfo": "5.5.1",
      "@react-navigation/bottom-tabs": "^5.0.0",
      "@react-navigation/native": "^5.2.3",
      "@react-navigation/stack": "^5.3.3",
      "@react-navigation/web": "~1.0.0-alpha.9",
      "@types/react-native-snap-carousel": "^3.8.2",
      "aws-amplify": "^3.0.8",
      "aws-amplify-react": "^4.1.9",
      "aws-amplify-react-native": "^4.2.7",
      "expo": "^37.0.0",
      "expo-asset": "~8.1.5",
      "expo-constants": "~9.0.0",
      "expo-font": "~8.1.0",
      "expo-linear-gradient": "~8.1.0",
      "expo-web-browser": "~8.2.1",
      "install": "^0.13.0",
      "native-base": "2.13.8",
      "npm": "^6.14.8",
      "react": "16.9.0",
      "react-dom": "16.9.0",
      "react-native": "0.61.4",
      "react-native-deck-swiper": "^2.0.5",
      "react-native-elements": "^1.2.7",
      "react-native-extended-stylesheet": "^0.12.0",
      "react-native-fit-image": "^1.5.5",
      "react-native-gesture-handler": "~1.6.0",
      "react-native-reanimated": "~1.7.0",
      "react-native-redash": "^16.0.9",
      "react-native-safe-area-context": "0.7.3",
      "react-native-screens": "~2.2.0",
      "react-native-snap-carousel": "^3.9.1",
      "react-native-text-gradient": "^0.1.7",
      "react-native-unimodules": "~0.8.1",
      "react-native-vector-icons": "^7.1.0",
      "react-native-view-overflow": "0.0.5",
      "react-native-web": "^0.11.7",
      "react-native-web-swiper": "^2.1.7",
      "react-navigation": "^4.3.9",
      "react-router-dom": "^5.1.2",
      "swiper": "^6.3.2",
      "webpack": "^4.44.1"
    },
    "devDependencies": {
      "@babel/core": "^7.0.0",
      "babel-preset-expo": "^8.1.0",
      "jest-expo": "^37.0.0"
    },
    "private": true
  }

yarn manifest: 
  No manifest

Lockfile: 
  No lockfile
